#
# There is insufficient memory for the Java Runtime Environment to continue.
# Native memory allocation (malloc) failed to allocate 2518096 bytes for Chunk::new
# Possible reasons:
#   The system is out of physical RAM or swap space
#   In 32 bit mode, the process size limit was hit
# Possible solutions:
#   Reduce memory load on the system
#   Increase physical memory or swap space
#   Check if swap backing store is full
#   Use 64 bit Java on a 64 bit OS
#   Decrease Java heap size (-Xmx/-Xms)
#   Decrease number of Java threads
#   Decrease Java thread stack sizes (-Xss)
#   Set larger code cache with -XX:ReservedCodeCacheSize=
# This output file may be truncated or incomplete.
#
#  Out of Memory Error (allocation.cpp:390), pid=10436, tid=0x0000000000004300
#
# JRE version: OpenJDK Runtime Environment (8.0_152-b01) (build 1.8.0_152-release-915-b01)
# Java VM: OpenJDK 64-Bit Server VM (25.152-b01 mixed mode windows-amd64 compressed oops)
# Failed to write core dump. Minidumps are not enabled by default on client versions of Windows
#

---------------  T H R E A D  ---------------

Current thread (0x00000000182ae800):  JavaThread "C2 CompilerThread1" daemon [_thread_in_native, id=17152, stack(0x0000000019b20000,0x0000000019c20000)]

Stack: [0x0000000019b20000,0x0000000019c20000]
[error occurred during error reporting (printing stack bounds), id 0xc0000005]

Native frames: (J=compiled Java code, j=interpreted, Vv=VM code, C=native code)


Current CompileTask:
C2:   5022 4205       4       org.gradle.model.internal.type.ModelType::wrap (219 bytes)


---------------  P R O C E S S  ---------------

Java Threads: ( => current thread )
  0x000000001b8d3800 JavaThread "Memory manager" [_thread_blocked, id=13416, stack(0x0000000023b50000,0x0000000023c50000)]
  0x000000001b8d8800 JavaThread "build operations Thread 4" [_thread_blocked, id=5036, stack(0x0000000023650000,0x0000000023750000)]
  0x000000001b8d3000 JavaThread "build operations Thread 3" [_thread_blocked, id=9572, stack(0x0000000023550000,0x0000000023650000)]
  0x000000001b8d6000 JavaThread "build operations Thread 2" [_thread_blocked, id=12468, stack(0x0000000023450000,0x0000000023550000)]
  0x000000001b8d7000 JavaThread "build operations" [_thread_blocked, id=18232, stack(0x0000000023350000,0x0000000023450000)]
  0x000000001b8d2000 JavaThread "Cache worker for Artifact transforms cache (C:\Users\koolguy\.gradle\caches\transforms-1)" [_thread_blocked, id=11968, stack(0x000000001f710000,0x000000001f810000)]
  0x000000001be0f800 JavaThread "Cache worker for file hash cache (C:\Users\koolguy\Downloads\RealShitAnimation\.gradle\4.1\fileHashes)" [_thread_blocked, id=12652, stack(0x000000001e240000,0x000000001e340000)]
  0x000000001b87e000 JavaThread "File lock request listener" [_thread_in_native, id=15540, stack(0x000000001e140000,0x000000001e240000)]
  0x000000001bca7800 JavaThread "Cache worker for file hash cache (C:\Users\koolguy\.gradle\caches\4.1\fileHashes)" [_thread_blocked, id=8924, stack(0x000000001de40000,0x000000001df40000)]
  0x000000001b6bf800 JavaThread "Stdin handler" [_thread_blocked, id=17512, stack(0x000000001dd40000,0x000000001de40000)]
  0x000000001b6be000 JavaThread "Asynchronous log dispatcher for DefaultDaemonConnection: socket connection from /127.0.0.1:57768 to /127.0.0.1:57769" [_thread_blocked, id=12724, stack(0x000000001dc40000,0x000000001dd40000)]
  0x000000001afb3000 JavaThread "Daemon worker" [_thread_in_native, id=3568, stack(0x000000001db40000,0x000000001dc40000)]
  0x000000001b167000 JavaThread "Cancel handler" [_thread_blocked, id=1908, stack(0x000000001da40000,0x000000001db40000)]
  0x000000001b639000 JavaThread "Handler for socket connection from /127.0.0.1:57768 to /127.0.0.1:57769" [_thread_in_native, id=2376, stack(0x000000001d740000,0x000000001d840000)]
  0x000000001af37000 JavaThread "Daemon" [_thread_blocked, id=2752, stack(0x000000001d640000,0x000000001d740000)]
  0x000000001b2f7800 JavaThread "Daemon periodic checks" [_thread_blocked, id=17972, stack(0x000000001d540000,0x000000001d640000)]
  0x000000001b295800 JavaThread "Incoming local TCP Connector on port 57768" [_thread_in_native, id=17324, stack(0x000000001baf0000,0x000000001bbf0000)]
  0x000000001830e800 JavaThread "Service Thread" daemon [_thread_blocked, id=5712, stack(0x000000001a120000,0x000000001a220000)]
  0x00000000182b2000 JavaThread "C1 CompilerThread2" daemon [_thread_blocked, id=4964, stack(0x0000000019c20000,0x0000000019d20000)]
=>0x00000000182ae800 JavaThread "C2 CompilerThread1" daemon [_thread_in_native, id=17152, stack(0x0000000019b20000,0x0000000019c20000)]
  0x00000000182ab000 JavaThread "C2 CompilerThread0" daemon [_thread_in_native, id=6208, stack(0x0000000019a20000,0x0000000019b20000)]
  0x00000000182a9800 JavaThread "Attach Listener" daemon [_thread_blocked, id=16768, stack(0x0000000019920000,0x0000000019a20000)]
  0x00000000182a8800 JavaThread "Signal Dispatcher" daemon [_thread_blocked, id=16620, stack(0x0000000019820000,0x0000000019920000)]
  0x0000000018298800 JavaThread "Finalizer" daemon [_thread_blocked, id=17736, stack(0x0000000019520000,0x0000000019620000)]
  0x0000000001481800 JavaThread "Reference Handler" daemon [_thread_blocked, id=5492, stack(0x0000000019420000,0x0000000019520000)]
  0x0000000001392800 JavaThread "main" [_thread_blocked, id=11188, stack(0x0000000001290000,0x0000000001390000)]

Other Threads:
  0x0000000018275000 VMThread [stack: 0x0000000019320000,0x0000000019420000] [id=8524]
  0x0000000019d4a800 WatcherThread [stack: 0x000000001a220000,0x000000001a320000] [id=16532]

VM state:not at safepoint (normal execution)

VM Mutex/Monitor currently owned by a thread: None

Heap:
 PSYoungGen      total 140800K, used 119053K [0x00000000e0000000, 0x00000000ec280000, 0x0000000100000000)
  eden space 128000K, 93% used [0x00000000e0000000,0x00000000e74437a8,0x00000000e7d00000)
  from space 12800K, 0% used [0x00000000eb600000,0x00000000eb600000,0x00000000ec280000)
  to   space 10752K, 0% used [0x00000000e7d00000,0x00000000e7d00000,0x00000000e8780000)
 ParOldGen       total 94720K, used 14909K [0x00000000a0000000, 0x00000000a5c80000, 0x00000000e0000000)
  object space 94720K, 15% used [0x00000000a0000000,0x00000000a0e8f7f8,0x00000000a5c80000)
 Metaspace       used 42839K, capacity 43692K, committed 43992K, reserved 1087488K
  class space    used 5756K, capacity 6059K, committed 6144K, reserved 1048576K

Card table byte_map: [0x0000000001850000,0x0000000001b60000] byte_map_base: 0x0000000001350000

Marking Bits: (ParMarkBitMap*) 0x000000006d3c3950
 Begin Bits: [0x0000000014610000, 0x0000000015e10000)
 End Bits:   [0x0000000015e10000, 0x0000000017610000)

Polling page: 0x0000000000da0000

CodeCache: size=245760Kb used=16633Kb max_used=16633Kb free=229127Kb
 bounds [0x0000000005410000, 0x0000000006460000, 0x0000000014410000]
 total_blobs=5398 nmethods=4673 adapters=638
 compilation: enabled

Compilation events (10 events):
Event: 5.014 Thread 0x00000000182b2000 4708       3       sun.misc.ProxyGenerator::access$408 (12 bytes)
Event: 5.014 Thread 0x00000000182b2000 nmethod 4708 0x000000000644db90 code [0x000000000644dce0, 0x000000000644de30]
Event: 5.014 Thread 0x00000000182b2000 4709       3       sun.misc.ProxyGenerator::checkReturnTypes (295 bytes)
Event: 5.016 Thread 0x00000000182b2000 nmethod 4709 0x000000000644ded0 code [0x000000000644e3a0, 0x0000000006451288]
Event: 5.016 Thread 0x00000000182b2000 4710       3       sun.misc.ProxyGenerator$FieldInfo::<init> (44 bytes)
Event: 5.016 Thread 0x00000000182b2000 nmethod 4710 0x0000000006452950 code [0x0000000006452b20, 0x0000000006453098]
Event: 5.016 Thread 0x00000000182b2000 4711       3       sun.misc.ProxyGenerator$FieldInfo::write (50 bytes)
Event: 5.017 Thread 0x00000000182b2000 nmethod 4711 0x00000000064533d0 code [0x0000000006453660, 0x00000000064547f8]
Event: 5.018 Thread 0x00000000182b2000 4712       3       sun.misc.ProxyGenerator::addProxyMethod (234 bytes)
Event: 5.019 Thread 0x00000000182b2000 nmethod 4712 0x0000000006454fd0 code [0x0000000006455300, 0x0000000006457068]

GC Heap History (10 events):
Event: 2.051 GC heap before
{Heap before GC invocations=4 (full 1):
 PSYoungGen      total 76288K, used 6640K [0x00000000e0000000, 0x00000000e9500000, 0x0000000100000000)
  eden space 65536K, 0% used [0x00000000e0000000,0x00000000e0000000,0x00000000e4000000)
  from space 10752K, 61% used [0x00000000e4000000,0x00000000e467c320,0x00000000e4a80000)
  to   space 10752K, 0% used [0x00000000e8a80000,0x00000000e8a80000,0x00000000e9500000)
 ParOldGen       total 175104K, used 1223K [0x00000000a0000000, 0x00000000aab00000, 0x00000000e0000000)
  object space 175104K, 0% used [0x00000000a0000000,0x00000000a0131f70,0x00000000aab00000)
 Metaspace       used 20715K, capacity 21142K, committed 21248K, reserved 1067008K
  class space    used 2868K, capacity 3042K, committed 3072K, reserved 1048576K
Event: 2.076 GC heap after
Heap after GC invocations=4 (full 1):
 PSYoungGen      total 76288K, used 0K [0x00000000e0000000, 0x00000000e9500000, 0x0000000100000000)
  eden space 65536K, 0% used [0x00000000e0000000,0x00000000e0000000,0x00000000e4000000)
  from space 10752K, 0% used [0x00000000e4000000,0x00000000e4000000,0x00000000e4a80000)
  to   space 10752K, 0% used [0x00000000e8a80000,0x00000000e8a80000,0x00000000e9500000)
 ParOldGen       total 94720K, used 6519K [0x00000000a0000000, 0x00000000a5c80000, 0x00000000e0000000)
  object space 94720K, 6% used [0x00000000a0000000,0x00000000a065ddd8,0x00000000a5c80000)
 Metaspace       used 20715K, capacity 21142K, committed 21248K, reserved 1067008K
  class space    used 2868K, capacity 3042K, committed 3072K, reserved 1048576K
}
Event: 2.813 GC heap before
{Heap before GC invocations=5 (full 1):
 PSYoungGen      total 76288K, used 65536K [0x00000000e0000000, 0x00000000e9500000, 0x0000000100000000)
  eden space 65536K, 100% used [0x00000000e0000000,0x00000000e4000000,0x00000000e4000000)
  from space 10752K, 0% used [0x00000000e4000000,0x00000000e4000000,0x00000000e4a80000)
  to   space 10752K, 0% used [0x00000000e8a80000,0x00000000e8a80000,0x00000000e9500000)
 ParOldGen       total 94720K, used 6519K [0x00000000a0000000, 0x00000000a5c80000, 0x00000000e0000000)
  object space 94720K, 6% used [0x00000000a0000000,0x00000000a065ddd8,0x00000000a5c80000)
 Metaspace       used 25845K, capacity 26382K, committed 26624K, reserved 1073152K
  class space    used 3535K, capacity 3734K, committed 3840K, reserved 1048576K
Event: 2.820 GC heap after
Heap after GC invocations=5 (full 1):
 PSYoungGen      total 115712K, used 7323K [0x00000000e0000000, 0x00000000e9200000, 0x0000000100000000)
  eden space 108032K, 0% used [0x00000000e0000000,0x00000000e0000000,0x00000000e6980000)
  from space 7680K, 95% used [0x00000000e8a80000,0x00000000e91a6c50,0x00000000e9200000)
  to   space 10752K, 0% used [0x00000000e7d00000,0x00000000e7d00000,0x00000000e8780000)
 ParOldGen       total 94720K, used 6527K [0x00000000a0000000, 0x00000000a5c80000, 0x00000000e0000000)
  object space 94720K, 6% used [0x00000000a0000000,0x00000000a065fdd8,0x00000000a5c80000)
 Metaspace       used 25845K, capacity 26382K, committed 26624K, reserved 1073152K
  class space    used 3535K, capacity 3734K, committed 3840K, reserved 1048576K
}
Event: 3.837 GC heap before
{Heap before GC invocations=6 (full 1):
 PSYoungGen      total 115712K, used 115355K [0x00000000e0000000, 0x00000000e9200000, 0x0000000100000000)
  eden space 108032K, 100% used [0x00000000e0000000,0x00000000e6980000,0x00000000e6980000)
  from space 7680K, 95% used [0x00000000e8a80000,0x00000000e91a6c50,0x00000000e9200000)
  to   space 10752K, 0% used [0x00000000e7d00000,0x00000000e7d00000,0x00000000e8780000)
 ParOldGen       total 94720K, used 6527K [0x00000000a0000000, 0x00000000a5c80000, 0x00000000e0000000)
  object space 94720K, 6% used [0x00000000a0000000,0x00000000a065fdd8,0x00000000a5c80000)
 Metaspace       used 31257K, capacity 31838K, committed 32128K, reserved 1077248K
  class space    used 4256K, capacity 4464K, committed 4480K, reserved 1048576K
Event: 3.845 GC heap after
Heap after GC invocations=6 (full 1):
 PSYoungGen      total 138752K, used 10001K [0x00000000e0000000, 0x00000000ec280000, 0x0000000100000000)
  eden space 128000K, 0% used [0x00000000e0000000,0x00000000e0000000,0x00000000e7d00000)
  from space 10752K, 93% used [0x00000000e7d00000,0x00000000e86c4730,0x00000000e8780000)
  to   space 12800K, 0% used [0x00000000eb600000,0x00000000eb600000,0x00000000ec280000)
 ParOldGen       total 94720K, used 6607K [0x00000000a0000000, 0x00000000a5c80000, 0x00000000e0000000)
  object space 94720K, 6% used [0x00000000a0000000,0x00000000a0673de8,0x00000000a5c80000)
 Metaspace       used 31257K, capacity 31838K, committed 32128K, reserved 1077248K
  class space    used 4256K, capacity 4464K, committed 4480K, reserved 1048576K
}
Event: 4.034 GC heap before
{Heap before GC invocations=7 (full 1):
 PSYoungGen      total 138752K, used 26809K [0x00000000e0000000, 0x00000000ec280000, 0x0000000100000000)
  eden space 128000K, 13% used [0x00000000e0000000,0x00000000e106a018,0x00000000e7d00000)
  from space 10752K, 93% used [0x00000000e7d00000,0x00000000e86c4730,0x00000000e8780000)
  to   space 12800K, 0% used [0x00000000eb600000,0x00000000eb600000,0x00000000ec280000)
 ParOldGen       total 94720K, used 6607K [0x00000000a0000000, 0x00000000a5c80000, 0x00000000e0000000)
  object space 94720K, 6% used [0x00000000a0000000,0x00000000a0673de8,0x00000000a5c80000)
 Metaspace       used 34509K, capacity 35234K, committed 35416K, reserved 1079296K
  class space    used 4684K, capacity 4965K, committed 4992K, reserved 1048576K
Event: 4.043 GC heap after
Heap after GC invocations=7 (full 1):
 PSYoungGen      total 140800K, used 8843K [0x00000000e0000000, 0x00000000ec280000, 0x0000000100000000)
  eden space 128000K, 0% used [0x00000000e0000000,0x00000000e0000000,0x00000000e7d00000)
  from space 12800K, 69% used [0x00000000eb600000,0x00000000ebea2c88,0x00000000ec280000)
  to   space 10752K, 0% used [0x00000000e7d00000,0x00000000e7d00000,0x00000000e8780000)
 ParOldGen       total 94720K, used 6615K [0x00000000a0000000, 0x00000000a5c80000, 0x00000000e0000000)
  object space 94720K, 6% used [0x00000000a0000000,0x00000000a0675de8,0x00000000a5c80000)
 Metaspace       used 34509K, capacity 35234K, committed 35416K, reserved 1079296K
  class space    used 4684K, capacity 4965K, committed 4992K, reserved 1048576K
}
Event: 4.043 GC heap before
{Heap before GC invocations=8 (full 2):
 PSYoungGen      total 140800K, used 8843K [0x00000000e0000000, 0x00000000ec280000, 0x0000000100000000)
  eden space 128000K, 0% used [0x00000000e0000000,0x00000000e0000000,0x00000000e7d00000)
  from space 12800K, 69% used [0x00000000eb600000,0x00000000ebea2c88,0x00000000ec280000)
  to   space 10752K, 0% used [0x00000000e7d00000,0x00000000e7d00000,0x00000000e8780000)
 ParOldGen       total 94720K, used 6615K [0x00000000a0000000, 0x00000000a5c80000, 0x00000000e0000000)
  object space 94720K, 6% used [0x00000000a0000000,0x00000000a0675de8,0x00000000a5c80000)
 Metaspace       used 34509K, capacity 35234K, committed 35416K, reserved 1079296K
  class space    used 4684K, capacity 4965K, committed 4992K, reserved 1048576K
Event: 4.083 GC heap after
Heap after GC invocations=8 (full 2):
 PSYoungGen      total 140800K, used 0K [0x00000000e0000000, 0x00000000ec280000, 0x0000000100000000)
  eden space 128000K, 0% used [0x00000000e0000000,0x00000000e0000000,0x00000000e7d00000)
  from space 12800K, 0% used [0x00000000eb600000,0x00000000eb600000,0x00000000ec280000)
  to   space 10752K, 0% used [0x00000000e7d00000,0x00000000e7d00000,0x00000000e8780000)
 ParOldGen       total 94720K, used 14909K [0x00000000a0000000, 0x00000000a5c80000, 0x00000000e0000000)
  object space 94720K, 15% used [0x00000000a0000000,0x00000000a0e8f7f8,0x00000000a5c80000)
 Metaspace       used 34509K, capacity 35234K, committed 35416K, reserved 1079296K
  class space    used 4684K, capacity 4965K, committed 4992K, reserved 1048576K
}

Deoptimization events (10 events):
Event: 4.480 Thread 0x000000001afb3000 Uncommon trap: reason=unstable_if action=reinterpret pc=0x000000000585dcfc method=java.lang.CharacterDataLatin1.isWhitespace(I)Z @ 14
Event: 4.493 Thread 0x000000001afb3000 Uncommon trap: reason=bimorphic action=maybe_recompile pc=0x0000000006118bb8 method=java.util.Hashtable.get(Ljava/lang/Object;)Ljava/lang/Object; @ 6
Event: 4.494 Thread 0x000000001afb3000 Uncommon trap: reason=bimorphic action=maybe_recompile pc=0x0000000006118bb8 method=java.util.Hashtable.get(Ljava/lang/Object;)Ljava/lang/Object; @ 6
Event: 4.494 Thread 0x000000001afb3000 Uncommon trap: reason=bimorphic action=maybe_recompile pc=0x0000000006118bb8 method=java.util.Hashtable.get(Ljava/lang/Object;)Ljava/lang/Object; @ 6
Event: 4.499 Thread 0x000000001afb3000 Uncommon trap: reason=unstable_if action=reinterpret pc=0x0000000005c5692c method=java.security.CodeSource.getCertificates()[Ljava/security/cert/Certificate; @ 22
Event: 4.500 Thread 0x000000001afb3000 Uncommon trap: reason=unstable_if action=reinterpret pc=0x0000000005c687c4 method=java.util.jar.JarFile.maybeInstantiateVerifier()V @ 75
Event: 4.500 Thread 0x000000001afb3000 Uncommon trap: reason=class_check action=maybe_recompile pc=0x000000000564e0a4 method=java.util.jar.JarFile.getJarEntry(Ljava/lang/String;)Ljava/util/jar/JarEntry; @ 2
Event: 4.500 Thread 0x000000001afb3000 Uncommon trap: reason=class_check action=maybe_recompile pc=0x000000000564e0a4 method=java.util.jar.JarFile.getJarEntry(Ljava/lang/String;)Ljava/util/jar/JarEntry; @ 2
Event: 4.500 Thread 0x000000001afb3000 Uncommon trap: reason=class_check action=maybe_recompile pc=0x000000000564e0a4 method=java.util.jar.JarFile.getJarEntry(Ljava/lang/String;)Ljava/util/jar/JarEntry; @ 2
Event: 4.501 Thread 0x000000001afb3000 Uncommon trap: reason=unstable_if action=reinterpret pc=0x000000000612f7fc method=java.util.LinkedHashMap.get(Ljava/lang/Object;)Ljava/lang/Object; @ 20

Classes redefined (0 events):
No events

Internal exceptions (10 events):
Event: 4.970 Thread 0x000000001afb3000 Exception <a 'sun/nio/fs/WindowsException'> (0x00000000e72adcd8) thrown at [D:\src\AOSP-openjdk-cygwin\jdk8u\hotspot\src\share\vm\prims\jni.cpp, line 709]
Event: 4.970 Thread 0x000000001afb3000 Exception <a 'sun/nio/fs/WindowsException'> (0x00000000e72ae948) thrown at [D:\src\AOSP-openjdk-cygwin\jdk8u\hotspot\src\share\vm\prims\jni.cpp, line 709]
Event: 4.970 Thread 0x000000001afb3000 Exception <a 'sun/nio/fs/WindowsException'> (0x00000000e72b0600) thrown at [D:\src\AOSP-openjdk-cygwin\jdk8u\hotspot\src\share\vm\prims\jni.cpp, line 709]
Event: 4.970 Thread 0x000000001afb3000 Exception <a 'sun/nio/fs/WindowsException'> (0x00000000e72b12a8) thrown at [D:\src\AOSP-openjdk-cygwin\jdk8u\hotspot\src\share\vm\prims\jni.cpp, line 709]
Event: 4.971 Thread 0x000000001afb3000 Exception <a 'sun/nio/fs/WindowsException'> (0x00000000e72b4be8) thrown at [D:\src\AOSP-openjdk-cygwin\jdk8u\hotspot\src\share\vm\prims\jni.cpp, line 709]
Event: 4.971 Thread 0x000000001afb3000 Exception <a 'sun/nio/fs/WindowsException'> (0x00000000e72b58b8) thrown at [D:\src\AOSP-openjdk-cygwin\jdk8u\hotspot\src\share\vm\prims\jni.cpp, line 709]
Event: 4.971 Thread 0x000000001afb3000 Exception <a 'sun/nio/fs/WindowsException'> (0x00000000e72b75c0) thrown at [D:\src\AOSP-openjdk-cygwin\jdk8u\hotspot\src\share\vm\prims\jni.cpp, line 709]
Event: 4.971 Thread 0x000000001afb3000 Exception <a 'sun/nio/fs/WindowsException'> (0x00000000e72b82d0) thrown at [D:\src\AOSP-openjdk-cygwin\jdk8u\hotspot\src\share\vm\prims\jni.cpp, line 709]
Event: 4.981 Thread 0x000000001afb3000 Exception <a 'java/lang/ClassNotFoundException': com/sun/org/glassfish/hk2/osgiresourcelocator/ServiceLoader> (0x00000000e730dae8) thrown at [D:\src\AOSP-openjdk-cygwin\jdk8u\hotspot\src\share\vm\classfile\systemDictionary.cpp, line 210]
Event: 4.993 Thread 0x000000001afb3000 Exception <a 'java/lang/NullPointerException'> (0x00000000e734a428) thrown at [D:\src\AOSP-openjdk-cygwin\jdk8u\hotspot\src\share\vm\interpreter\linkResolver.cpp, line 1282]

Events (10 events):
Event: 5.018 loading class com/sun/xml/internal/bind/v2/model/impl/RuntimeClassInfoImpl
Event: 5.019 loading class com/sun/xml/internal/bind/v2/model/runtime/RuntimeClassInfo
Event: 5.019 loading class com/sun/xml/internal/bind/v2/model/core/ClassInfo
Event: 5.019 loading class com/sun/xml/internal/bind/v2/model/core/ClassInfo done
Event: 5.019 loading class com/sun/xml/internal/bind/v2/model/runtime/RuntimeClassInfo done
Event: 5.019 loading class com/sun/xml/internal/bind/v2/model/runtime/RuntimeElement
Event: 5.019 loading class com/sun/xml/internal/bind/v2/model/core/Element
Event: 5.019 loading class com/sun/xml/internal/bind/v2/model/core/Element done
Event: 5.019 loading class com/sun/xml/internal/bind/v2/model/runtime/RuntimeElement done
Event: 5.019 loading class com/sun/xml/internal/bind/v2/model/impl/ClassInfoImpl


Dynamic libraries:
0x00007ff63ddc0000 - 0x00007ff63ddf1000 	C:\Program Files\Android\Android Studio\jre\bin\java.exe
0x00007ff8b2d90000 - 0x00007ff8b2f70000 	C:\WINDOWS\SYSTEM32\ntdll.dll
0x00007ff8b26c0000 - 0x00007ff8b276e000 	C:\WINDOWS\System32\KERNEL32.DLL
0x00007ff8af400000 - 0x00007ff8af666000 	C:\WINDOWS\System32\KERNELBASE.dll
0x00007ff8b23c0000 - 0x00007ff8b2461000 	C:\WINDOWS\System32\ADVAPI32.dll
0x00007ff8b0300000 - 0x00007ff8b039d000 	C:\WINDOWS\System32\msvcrt.dll
0x00007ff8b2470000 - 0x00007ff8b24cb000 	C:\WINDOWS\System32\sechost.dll
0x00007ff8b25a0000 - 0x00007ff8b26bf000 	C:\WINDOWS\System32\RPCRT4.dll
0x00007ff8b2230000 - 0x00007ff8b23bf000 	C:\WINDOWS\System32\USER32.dll
0x00007ff8b0070000 - 0x00007ff8b0090000 	C:\WINDOWS\System32\win32u.dll
0x00007ff8b2cb0000 - 0x00007ff8b2cd8000 	C:\WINDOWS\System32\GDI32.dll
0x00007ff8af260000 - 0x00007ff8af3f3000 	C:\WINDOWS\System32\gdi32full.dll
0x00007ff8af770000 - 0x00007ff8af80b000 	C:\WINDOWS\System32\msvcp_win.dll
0x00007ff8af670000 - 0x00007ff8af766000 	C:\WINDOWS\System32\ucrtbase.dll
0x00007ff8a6390000 - 0x00007ff8a65f9000 	C:\WINDOWS\WinSxS\amd64_microsoft.windows.common-controls_6595b64144ccf1df_6.0.16299.248_none_15ced204935f55d7\COMCTL32.dll
0x00007ff8b1a40000 - 0x00007ff8b1d48000 	C:\WINDOWS\System32\combase.dll
0x00007ff8af190000 - 0x00007ff8af202000 	C:\WINDOWS\System32\bcryptPrimitives.dll
0x00007ff8b02d0000 - 0x00007ff8b02fd000 	C:\WINDOWS\System32\IMM32.DLL
0x000000006d5a0000 - 0x000000006d672000 	C:\Program Files\Android\Android Studio\jre\jre\bin\msvcr100.dll
0x000000006cc00000 - 0x000000006d43e000 	C:\Program Files\Android\Android Studio\jre\jre\bin\server\jvm.dll
0x00007ff8b24d0000 - 0x00007ff8b24d8000 	C:\WINDOWS\System32\PSAPI.DLL
0x00007ff89e590000 - 0x00007ff89e599000 	C:\WINDOWS\SYSTEM32\WSOCK32.dll
0x00007ff8b2050000 - 0x00007ff8b20bc000 	C:\WINDOWS\System32\WS2_32.dll
0x00007ff8acfa0000 - 0x00007ff8acfc3000 	C:\WINDOWS\SYSTEM32\WINMM.dll
0x00007ff8aa370000 - 0x00007ff8aa37a000 	C:\WINDOWS\SYSTEM32\VERSION.dll
0x00007ff8acf70000 - 0x00007ff8acf9a000 	C:\WINDOWS\SYSTEM32\WINMMBASE.dll
0x00007ff8af210000 - 0x00007ff8af25a000 	C:\WINDOWS\System32\cfgmgr32.dll
0x00007ff8acb00000 - 0x00007ff8acb0f000 	C:\Program Files\Android\Android Studio\jre\jre\bin\verify.dll
0x00007ff894190000 - 0x00007ff8941b9000 	C:\Program Files\Android\Android Studio\jre\jre\bin\java.dll
0x00007ff89c820000 - 0x00007ff89c836000 	C:\Program Files\Android\Android Studio\jre\jre\bin\zip.dll
0x00007ff8b0460000 - 0x00007ff8b1896000 	C:\WINDOWS\System32\SHELL32.dll
0x00007ff8b24f0000 - 0x00007ff8b2596000 	C:\WINDOWS\System32\shcore.dll
0x00007ff8af810000 - 0x00007ff8aff57000 	C:\WINDOWS\System32\windows.storage.dll
0x00007ff8b0260000 - 0x00007ff8b02b1000 	C:\WINDOWS\System32\shlwapi.dll
0x00007ff8af100000 - 0x00007ff8af111000 	C:\WINDOWS\System32\kernel.appcore.dll
0x00007ff8af120000 - 0x00007ff8af16c000 	C:\WINDOWS\System32\powrprof.dll
0x00007ff8af170000 - 0x00007ff8af18b000 	C:\WINDOWS\System32\profapi.dll
0x00007ff89a4e0000 - 0x00007ff89a4fa000 	C:\Program Files\Android\Android Studio\jre\jre\bin\net.dll
0x00007ff8ae970000 - 0x00007ff8ae9d6000 	C:\WINDOWS\system32\mswsock.dll
0x00007ff897750000 - 0x00007ff897761000 	C:\Program Files\Android\Android Studio\jre\jre\bin\nio.dll
0x00007ff8a2dd0000 - 0x00007ff8a2dee000 	C:\Users\koolguy\.gradle\native\25\windows-amd64\native-platform.dll
0x00007ff8acac0000 - 0x00007ff8acacd000 	C:\Program Files\Android\Android Studio\jre\jre\bin\management.dll
0x00007ff8aeb30000 - 0x00007ff8aeb47000 	C:\WINDOWS\SYSTEM32\CRYPTSP.dll
0x00007ff8ae580000 - 0x00007ff8ae5b3000 	C:\WINDOWS\system32\rsaenh.dll
0x00007ff8aec40000 - 0x00007ff8aec65000 	C:\WINDOWS\SYSTEM32\bcrypt.dll
0x00007ff8af010000 - 0x00007ff8af039000 	C:\WINDOWS\SYSTEM32\USERENV.dll
0x00007ff8aeb50000 - 0x00007ff8aeb5b000 	C:\WINDOWS\SYSTEM32\CRYPTBASE.dll
0x00007ff8ae700000 - 0x00007ff8ae739000 	C:\WINDOWS\SYSTEM32\IPHLPAPI.DLL
0x00007ff8b02c0000 - 0x00007ff8b02c8000 	C:\WINDOWS\System32\NSI.dll
0x00007ff8a57f0000 - 0x00007ff8a5806000 	C:\WINDOWS\SYSTEM32\dhcpcsvc6.DLL
0x00007ff8a5950000 - 0x00007ff8a596a000 	C:\WINDOWS\SYSTEM32\dhcpcsvc.DLL

VM Arguments:
jvm_args: -Xmx1536m -Dfile.encoding=windows-1251 -Duser.country=RU -Duser.language=ru -Duser.variant 
java_command: org.gradle.launcher.daemon.bootstrap.GradleDaemon 4.1
java_class_path (initial): C:\Users\koolguy\.gradle\wrapper\dists\gradle-4.1-all\bzyivzo6n839fup2jbap0tjew\gradle-4.1\lib\gradle-launcher-4.1.jar
Launcher Type: SUN_STANDARD

Environment Variables:
PATH=C:\ProgramData\Oracle\Java\javapath;C:\Program Files (x86)\Intel\iCLS Client\;C:\Program Files\Intel\iCLS Client\;C:\WINDOWS\system32;C:\WINDOWS;C:\WINDOWS\System32\Wbem;C:\WINDOWS\System32\WindowsPowerShell\v1.0\;C:\Program Files (x86)\Intel\OpenCL SDK\2.0\bin\x86;C:\Program Files (x86)\Intel\OpenCL SDK\2.0\bin\x64;C:\Program Files\Microsoft SQL Server\110\Tools\Binn\;C:\Program Files\Microsoft SQL Server\120\Tools\Binn\;C:\Users\Данил\.dnx\bin;C:\Program Files\Microsoft DNX\Dnvm\;C:\Program Files (x86)\Windows Kits\10\Windows Performance Toolkit\;C:\Program Files (x86)\Skype\Phone\;c:\program files (x86)\steam\steamapps\common\d3dgear;C:\Program Files (x86)\NVIDIA Corporation\PhysX\Common;C:\Program Files (x86)\Intel\Intel(R) Management Engine Components\DAL;C:\Program Files\Intel\Intel(R) Management Engine Components\DAL;C:\Program Files (x86)\Intel\Intel(R) Management Engine Components\IPT;C:\Program Files\Intel\Intel(R) Management Engine Components\IPT;C:\WINDOWS\system32;C:\WINDOWS;C:\WINDOWS\System32\Wbem;C:\WINDOWS\System32\WindowsPowerShell\v1.0\;C:\Program Files (x86)\GtkSharp\2.12\bin;C:\Program Files (x86)\Brackets\command;C:\Users\koolguy\AppData\Local\Microsoft\WindowsApps;C:\Users\koolguy\AppData\Local\GitHubDesktop\bin
USERNAME=koolguy
OS=Windows_NT
PROCESSOR_IDENTIFIER=Intel64 Family 6 Model 94 Stepping 3, GenuineIntel



---------------  S Y S T E M  ---------------

OS: Windows 10.0 , 64 bit Build 16299 (10.0.16299.15)

CPU:total 4 (initial active 4) (4 cores per cpu, 1 threads per core) family 6 model 94 stepping 3, cmov, cx8, fxsr, mmx, sse, sse2, sse3, ssse3, sse4.1, sse4.2, popcnt, avx, avx2, aes, clmul, erms, rtm, 3dnowpref, lzcnt, tsc, tscinvbit, bmi1, bmi2, adx

Memory: 4k page, physical 16698584k(3654268k free), swap 16698584k(5768k free)

vm_info: OpenJDK 64-Bit Server VM (25.152-b01) for windows-amd64 JRE (1.8.0_152-release-915-b01), built by "builder" with MS VC++ 10.0 (VS2010)

time: Tue Feb 27 22:43:54 2018
elapsed time: 5 seconds (0d 0h 0m 5s)

