#
# There is insufficient memory for the Java Runtime Environment to continue.
# Native memory allocation (malloc) failed to allocate 1840288 bytes for Chunk::new
# Possible reasons:
#   The system is out of physical RAM or swap space
#   In 32 bit mode, the process size limit was hit
# Possible solutions:
#   Reduce memory load on the system
#   Increase physical memory or swap space
#   Check if swap backing store is full
#   Use 64 bit Java on a 64 bit OS
#   Decrease Java heap size (-Xmx/-Xms)
#   Decrease number of Java threads
#   Decrease Java thread stack sizes (-Xss)
#   Set larger code cache with -XX:ReservedCodeCacheSize=
# This output file may be truncated or incomplete.
#
#  Out of Memory Error (allocation.cpp:390), pid=372, tid=0x0000000000000e84
#
# JRE version: OpenJDK Runtime Environment (8.0_152-b01) (build 1.8.0_152-release-915-b01)
# Java VM: OpenJDK 64-Bit Server VM (25.152-b01 mixed mode windows-amd64 compressed oops)
# Failed to write core dump. Minidumps are not enabled by default on client versions of Windows
#

---------------  T H R E A D  ---------------

Current thread (0x00000000186bb000):  JavaThread "C2 CompilerThread0" daemon [_thread_in_native, id=3716, stack(0x0000000019e30000,0x0000000019f30000)]

Stack: [0x0000000019e30000,0x0000000019f30000]
[error occurred during error reporting (printing stack bounds), id 0xc0000005]

Native frames: (J=compiled Java code, j=interpreted, Vv=VM code, C=native code)


Current CompileTask:
C2:   4295 3752   !   4       java.net.URLClassLoader$1::run (63 bytes)


---------------  P R O C E S S  ---------------

Java Threads: ( => current thread )
  0x000000001ea71800 JavaThread "Memory manager" [_thread_blocked, id=15816, stack(0x00000000240f0000,0x00000000241f0000)]
  0x000000001ea6c000 JavaThread "build operations Thread 4" [_thread_blocked, id=8892, stack(0x0000000022c20000,0x0000000022d20000)]
  0x000000001ea6d800 JavaThread "build operations Thread 3" [_thread_blocked, id=15760, stack(0x0000000022b20000,0x0000000022c20000)]
  0x000000001ea70800 JavaThread "build operations Thread 2" [_thread_blocked, id=6648, stack(0x0000000022a20000,0x0000000022b20000)]
  0x000000001ea6e800 JavaThread "build operations" [_thread_blocked, id=10360, stack(0x0000000022920000,0x0000000022a20000)]
  0x000000001ea6d000 JavaThread "Cache worker for Artifact transforms cache (C:\Users\koolguy\.gradle\caches\transforms-1)" [_thread_blocked, id=13316, stack(0x00000000210a0000,0x00000000211a0000)]
  0x000000001c13d000 JavaThread "Cache worker for file hash cache (C:\Users\koolguy\Downloads\RealShitAnimation\.gradle\4.1\fileHashes)" [_thread_blocked, id=6308, stack(0x000000001e630000,0x000000001e730000)]
  0x000000001becb000 JavaThread "File lock request listener" [_thread_in_native, id=984, stack(0x000000001e330000,0x000000001e430000)]
  0x000000001be38000 JavaThread "Cache worker for file hash cache (C:\Users\koolguy\.gradle\caches\4.1\fileHashes)" [_thread_blocked, id=16600, stack(0x000000001e230000,0x000000001e330000)]
  0x000000001b868800 JavaThread "Stdin handler" [_thread_blocked, id=14848, stack(0x000000001e130000,0x000000001e230000)]
  0x000000001be39800 JavaThread "Asynchronous log dispatcher for DefaultDaemonConnection: socket connection from /127.0.0.1:57984 to /127.0.0.1:57985" [_thread_blocked, id=6696, stack(0x000000001e030000,0x000000001e130000)]
  0x000000001be36000 JavaThread "Daemon worker" [_thread_in_Java, id=5824, stack(0x000000001df30000,0x000000001e030000)]
  0x000000001b86a000 JavaThread "Cancel handler" [_thread_blocked, id=15420, stack(0x000000001de30000,0x000000001df30000)]
  0x000000001b997000 JavaThread "Handler for socket connection from /127.0.0.1:57984 to /127.0.0.1:57985" [_thread_in_native, id=17868, stack(0x000000001db30000,0x000000001dc30000)]
  0x000000001b992800 JavaThread "Daemon" [_thread_blocked, id=7712, stack(0x000000001da30000,0x000000001db30000)]
  0x000000001bc29800 JavaThread "Daemon periodic checks" [_thread_blocked, id=10084, stack(0x000000001d930000,0x000000001da30000)]
  0x000000001b66a800 JavaThread "Incoming local TCP Connector on port 57984" [_thread_in_native, id=16748, stack(0x000000001bf00000,0x000000001c000000)]
  0x000000001a155000 JavaThread "Service Thread" daemon [_thread_blocked, id=16044, stack(0x000000001a530000,0x000000001a630000)]
  0x00000000186bf800 JavaThread "C1 CompilerThread2" daemon [_thread_in_native, id=18080, stack(0x000000001a030000,0x000000001a130000)]
  0x00000000186ab000 JavaThread "C2 CompilerThread1" daemon [_thread_in_native, id=6084, stack(0x0000000019f30000,0x000000001a030000)]
=>0x00000000186bb000 JavaThread "C2 CompilerThread0" daemon [_thread_in_native, id=3716, stack(0x0000000019e30000,0x0000000019f30000)]
  0x00000000186ba000 JavaThread "Attach Listener" daemon [_thread_blocked, id=8076, stack(0x0000000019d30000,0x0000000019e30000)]
  0x00000000186b9000 JavaThread "Signal Dispatcher" daemon [_thread_blocked, id=10780, stack(0x0000000019c30000,0x0000000019d30000)]
  0x000000001869e000 JavaThread "Finalizer" daemon [_thread_blocked, id=10896, stack(0x0000000019930000,0x0000000019a30000)]
  0x00000000018c3000 JavaThread "Reference Handler" daemon [_thread_blocked, id=2196, stack(0x0000000019830000,0x0000000019930000)]
  0x00000000017d2800 JavaThread "main" [_thread_blocked, id=6692, stack(0x0000000001640000,0x0000000001740000)]

Other Threads:
  0x0000000018675800 VMThread [stack: 0x0000000019730000,0x0000000019830000] [id=11236]
  0x000000001a15d800 WatcherThread [stack: 0x000000001a630000,0x000000001a730000] [id=12956]

VM state:not at safepoint (normal execution)

VM Mutex/Monitor currently owned by a thread: None

Heap:
 PSYoungGen      total 112128K, used 29738K [0x00000000e0000000, 0x00000000e7b80000, 0x0000000100000000)
  eden space 101888K, 29% used [0x00000000e0000000,0x00000000e1d0a950,0x00000000e6380000)
  from space 10240K, 0% used [0x00000000e7180000,0x00000000e7180000,0x00000000e7b80000)
  to   space 12288K, 0% used [0x00000000e6380000,0x00000000e6380000,0x00000000e6f80000)
 ParOldGen       total 95232K, used 15765K [0x00000000a0000000, 0x00000000a5d00000, 0x00000000e0000000)
  object space 95232K, 16% used [0x00000000a0000000,0x00000000a0f656d0,0x00000000a5d00000)
 Metaspace       used 37421K, capacity 38182K, committed 38616K, reserved 1083392K
  class space    used 5032K, capacity 5331K, committed 5376K, reserved 1048576K

Card table byte_map: [0x0000000001c90000,0x0000000001fa0000] byte_map_base: 0x0000000001790000

Marking Bits: (ParMarkBitMap*) 0x000000006d3c3950
 Begin Bits: [0x0000000014a10000, 0x0000000016210000)
 End Bits:   [0x0000000016210000, 0x0000000017a10000)

Polling page: 0x0000000001740000

CodeCache: size=245760Kb used=14429Kb max_used=14429Kb free=231330Kb
 bounds [0x0000000005410000, 0x0000000006230000, 0x0000000014410000]
 total_blobs=4720 nmethods=4011 adapters=622
 compilation: enabled

Compilation events (10 events):
Event: 4.292 Thread 0x00000000186bf800 nmethod 4016 0x000000000622a0d0 code [0x000000000622a2a0, 0x000000000622a968]
Event: 4.292 Thread 0x00000000186bf800 4018       3       com.google.common.collect.RegularImmutableMap::size (6 bytes)
Event: 4.292 Thread 0x00000000186bf800 nmethod 4018 0x000000000622aed0 code [0x000000000622b020, 0x000000000622b170]
Event: 4.292 Thread 0x00000000186bf800 4019       3       java.lang.reflect.Method::getDeclaredAnnotations (5 bytes)
Event: 4.292 Thread 0x00000000186bf800 nmethod 4019 0x000000000622b210 code [0x000000000622b3c0, 0x000000000622b888]
Event: 4.292 Thread 0x00000000186bf800 4020       3       java.util.EnumMap::put (51 bytes)
Event: 4.293 Thread 0x00000000186bf800 nmethod 4020 0x000000000622ba90 code [0x000000000622bc20, 0x000000000622c188]
Event: 4.293 Thread 0x00000000186bf800 4017       1       com.google.common.collect.RegularImmutableMap::access$100 (5 bytes)
Event: 4.293 Thread 0x00000000186bf800 nmethod 4017 0x000000000622c3d0 code [0x000000000622c520, 0x000000000622c610]
Event: 4.293 Thread 0x00000000186bf800 4021       3       org.gradle.model.internal.manage.schema.extract.ModelSchemaUtils::findMostSpecificMethod (68 bytes)

GC Heap History (10 events):
Event: 2.081 GC heap before
{Heap before GC invocations=4 (full 1):
 PSYoungGen      total 76288K, used 6556K [0x00000000e0000000, 0x00000000e5500000, 0x0000000100000000)
  eden space 65536K, 0% used [0x00000000e0000000,0x00000000e0000000,0x00000000e4000000)
  from space 10752K, 60% used [0x00000000e4000000,0x00000000e4667330,0x00000000e4a80000)
  to   space 10752K, 0% used [0x00000000e4a80000,0x00000000e4a80000,0x00000000e5500000)
 ParOldGen       total 175104K, used 1292K [0x00000000a0000000, 0x00000000aab00000, 0x00000000e0000000)
  object space 175104K, 0% used [0x00000000a0000000,0x00000000a0143288,0x00000000aab00000)
 Metaspace       used 20657K, capacity 21142K, committed 21248K, reserved 1067008K
  class space    used 2858K, capacity 3042K, committed 3072K, reserved 1048576K
Event: 2.121 GC heap after
Heap after GC invocations=4 (full 1):
 PSYoungGen      total 76288K, used 0K [0x00000000e0000000, 0x00000000e5500000, 0x0000000100000000)
  eden space 65536K, 0% used [0x00000000e0000000,0x00000000e0000000,0x00000000e4000000)
  from space 10752K, 0% used [0x00000000e4000000,0x00000000e4000000,0x00000000e4a80000)
  to   space 10752K, 0% used [0x00000000e4a80000,0x00000000e4a80000,0x00000000e5500000)
 ParOldGen       total 95232K, used 6458K [0x00000000a0000000, 0x00000000a5d00000, 0x00000000e0000000)
  object space 95232K, 6% used [0x00000000a0000000,0x00000000a064e958,0x00000000a5d00000)
 Metaspace       used 20657K, capacity 21142K, committed 21248K, reserved 1067008K
  class space    used 2858K, capacity 3042K, committed 3072K, reserved 1048576K
}
Event: 2.756 GC heap before
{Heap before GC invocations=5 (full 1):
 PSYoungGen      total 76288K, used 65536K [0x00000000e0000000, 0x00000000e5500000, 0x0000000100000000)
  eden space 65536K, 100% used [0x00000000e0000000,0x00000000e4000000,0x00000000e4000000)
  from space 10752K, 0% used [0x00000000e4000000,0x00000000e4000000,0x00000000e4a80000)
  to   space 10752K, 0% used [0x00000000e4a80000,0x00000000e4a80000,0x00000000e5500000)
 ParOldGen       total 95232K, used 6458K [0x00000000a0000000, 0x00000000a5d00000, 0x00000000e0000000)
  object space 95232K, 6% used [0x00000000a0000000,0x00000000a064e958,0x00000000a5d00000)
 Metaspace       used 25778K, capacity 26350K, committed 26496K, reserved 1073152K
  class space    used 3510K, capacity 3702K, committed 3712K, reserved 1048576K
Event: 2.761 GC heap after
Heap after GC invocations=5 (full 1):
 PSYoungGen      total 76288K, used 7319K [0x00000000e0000000, 0x00000000e7d80000, 0x0000000100000000)
  eden space 65536K, 0% used [0x00000000e0000000,0x00000000e0000000,0x00000000e4000000)
  from space 10752K, 68% used [0x00000000e4a80000,0x00000000e51a5fe0,0x00000000e5500000)
  to   space 10752K, 0% used [0x00000000e4000000,0x00000000e4000000,0x00000000e4a80000)
 ParOldGen       total 95232K, used 6466K [0x00000000a0000000, 0x00000000a5d00000, 0x00000000e0000000)
  object space 95232K, 6% used [0x00000000a0000000,0x00000000a0650958,0x00000000a5d00000)
 Metaspace       used 25778K, capacity 26350K, committed 26496K, reserved 1073152K
  class space    used 3510K, capacity 3702K, committed 3712K, reserved 1048576K
}
Event: 3.296 GC heap before
{Heap before GC invocations=6 (full 1):
 PSYoungGen      total 76288K, used 72855K [0x00000000e0000000, 0x00000000e7d80000, 0x0000000100000000)
  eden space 65536K, 100% used [0x00000000e0000000,0x00000000e4000000,0x00000000e4000000)
  from space 10752K, 68% used [0x00000000e4a80000,0x00000000e51a5fe0,0x00000000e5500000)
  to   space 10752K, 0% used [0x00000000e4000000,0x00000000e4000000,0x00000000e4a80000)
 ParOldGen       total 95232K, used 6466K [0x00000000a0000000, 0x00000000a5d00000, 0x00000000e0000000)
  object space 95232K, 6% used [0x00000000a0000000,0x00000000a0650958,0x00000000a5d00000)
 Metaspace       used 30173K, capacity 30776K, committed 30976K, reserved 1075200K
  class space    used 4107K, capacity 4323K, committed 4352K, reserved 1048576K
Event: 3.302 GC heap after
Heap after GC invocations=6 (full 1):
 PSYoungGen      total 76288K, used 8149K [0x00000000e0000000, 0x00000000e7d80000, 0x0000000100000000)
  eden space 65536K, 0% used [0x00000000e0000000,0x00000000e0000000,0x00000000e4000000)
  from space 10752K, 75% used [0x00000000e4000000,0x00000000e47f55c8,0x00000000e4a80000)
  to   space 12288K, 0% used [0x00000000e7180000,0x00000000e7180000,0x00000000e7d80000)
 ParOldGen       total 95232K, used 6474K [0x00000000a0000000, 0x00000000a5d00000, 0x00000000e0000000)
  object space 95232K, 6% used [0x00000000a0000000,0x00000000a0652958,0x00000000a5d00000)
 Metaspace       used 30173K, capacity 30776K, committed 30976K, reserved 1075200K
  class space    used 4107K, capacity 4323K, committed 4352K, reserved 1048576K
}
Event: 3.907 GC heap before
{Heap before GC invocations=7 (full 1):
 PSYoungGen      total 76288K, used 65028K [0x00000000e0000000, 0x00000000e7d80000, 0x0000000100000000)
  eden space 65536K, 86% used [0x00000000e0000000,0x00000000e378bd98,0x00000000e4000000)
  from space 10752K, 75% used [0x00000000e4000000,0x00000000e47f55c8,0x00000000e4a80000)
  to   space 12288K, 0% used [0x00000000e7180000,0x00000000e7180000,0x00000000e7d80000)
 ParOldGen       total 95232K, used 6474K [0x00000000a0000000, 0x00000000a5d00000, 0x00000000e0000000)
  object space 95232K, 6% used [0x00000000a0000000,0x00000000a0652958,0x00000000a5d00000)
 Metaspace       used 34492K, capacity 35202K, committed 35416K, reserved 1079296K
  class space    used 4677K, capacity 4933K, committed 4992K, reserved 1048576K
Event: 3.915 GC heap after
Heap after GC invocations=7 (full 1):
 PSYoungGen      total 112128K, used 9816K [0x00000000e0000000, 0x00000000e7b80000, 0x0000000100000000)
  eden space 101888K, 0% used [0x00000000e0000000,0x00000000e0000000,0x00000000e6380000)
  from space 10240K, 95% used [0x00000000e7180000,0x00000000e7b16338,0x00000000e7b80000)
  to   space 12288K, 0% used [0x00000000e6380000,0x00000000e6380000,0x00000000e6f80000)
 ParOldGen       total 95232K, used 6546K [0x00000000a0000000, 0x00000000a5d00000, 0x00000000e0000000)
  object space 95232K, 6% used [0x00000000a0000000,0x00000000a0664968,0x00000000a5d00000)
 Metaspace       used 34492K, capacity 35202K, committed 35416K, reserved 1079296K
  class space    used 4677K, capacity 4933K, committed 4992K, reserved 1048576K
}
Event: 3.915 GC heap before
{Heap before GC invocations=8 (full 2):
 PSYoungGen      total 112128K, used 9816K [0x00000000e0000000, 0x00000000e7b80000, 0x0000000100000000)
  eden space 101888K, 0% used [0x00000000e0000000,0x00000000e0000000,0x00000000e6380000)
  from space 10240K, 95% used [0x00000000e7180000,0x00000000e7b16338,0x00000000e7b80000)
  to   space 12288K, 0% used [0x00000000e6380000,0x00000000e6380000,0x00000000e6f80000)
 ParOldGen       total 95232K, used 6546K [0x00000000a0000000, 0x00000000a5d00000, 0x00000000e0000000)
  object space 95232K, 6% used [0x00000000a0000000,0x00000000a0664968,0x00000000a5d00000)
 Metaspace       used 34492K, capacity 35202K, committed 35416K, reserved 1079296K
  class space    used 4677K, capacity 4933K, committed 4992K, reserved 1048576K
Event: 3.966 GC heap after
Heap after GC invocations=8 (full 2):
 PSYoungGen      total 112128K, used 0K [0x00000000e0000000, 0x00000000e7b80000, 0x0000000100000000)
  eden space 101888K, 0% used [0x00000000e0000000,0x00000000e0000000,0x00000000e6380000)
  from space 10240K, 0% used [0x00000000e7180000,0x00000000e7180000,0x00000000e7b80000)
  to   space 12288K, 0% used [0x00000000e6380000,0x00000000e6380000,0x00000000e6f80000)
 ParOldGen       total 95232K, used 15765K [0x00000000a0000000, 0x00000000a5d00000, 0x00000000e0000000)
  object space 95232K, 16% used [0x00000000a0000000,0x00000000a0f656d0,0x00000000a5d00000)
 Metaspace       used 34492K, capacity 35202K, committed 35416K, reserved 1079296K
  class space    used 4677K, capacity 4933K, committed 4992K, reserved 1048576K
}

Deoptimization events (10 events):
Event: 3.805 Thread 0x000000001be36000 Uncommon trap: reason=unstable_if action=reinterpret pc=0x00000000055b0468 method=java.lang.String.replace(CC)Ljava/lang/String; @ 2
Event: 3.808 Thread 0x000000001be36000 Uncommon trap: reason=bimorphic action=maybe_recompile pc=0x0000000005caddc4 method=org.codehaus.groovy.runtime.metaclass.MetaMethodIndex.addMethodToList(Ljava/lang/Object;Lgroovy/lang/MetaMethod;)Ljava/lang/Object; @ 96
Event: 3.862 Thread 0x000000001be36000 Uncommon trap: reason=unstable_if action=reinterpret pc=0x0000000005e5bab4 method=java.lang.Integer.valueOf(I)Ljava/lang/Integer; @ 10
Event: 3.864 Thread 0x000000001be36000 Uncommon trap: reason=predicate action=maybe_recompile pc=0x000000000607d428 method=java.util.Arrays.binarySearch0([Ljava/lang/Object;IILjava/lang/Object;Ljava/util/Comparator;)I @ 28
Event: 4.096 Thread 0x000000001be36000 Uncommon trap: reason=null_check action=make_not_entrant pc=0x00000000060044e8 method=java.lang.ThreadLocal$ThreadLocalMap.getEntryAfterMiss(Ljava/lang/ThreadLocal;ILjava/lang/ThreadLocal$ThreadLocalMap$Entry;)Ljava/lang/ThreadLocal$ThreadLocalMap$Entry; 
Event: 4.123 Thread 0x000000001be36000 Uncommon trap: reason=unstable_if action=reinterpret pc=0x0000000005c6682c method=java.util.concurrent.ConcurrentHashMap.get(Ljava/lang/Object;)Ljava/lang/Object; @ 76
Event: 4.266 Thread 0x000000001be36000 Uncommon trap: reason=unstable_if action=reinterpret pc=0x0000000005fb26d8 method=java.util.HashMap.removeNode(ILjava/lang/Object;Ljava/lang/Object;ZZ)Ljava/util/HashMap$Node; @ 58
Event: 4.287 Thread 0x000000001be36000 Uncommon trap: reason=unstable_if action=reinterpret pc=0x0000000005cfab38 method=java.util.HashMap.putVal(ILjava/lang/Object;Ljava/lang/Object;ZZ)Ljava/lang/Object; @ 162
Event: 4.287 Thread 0x000000001be36000 Uncommon trap: reason=unstable_if action=reinterpret pc=0x0000000005ccd1e8 method=java.util.HashMap.putVal(ILjava/lang/Object;Ljava/lang/Object;ZZ)Ljava/lang/Object; @ 162
Event: 4.287 Thread 0x000000001be36000 Uncommon trap: reason=unstable_if action=reinterpret pc=0x000000000569ad78 method=java.util.HashMap.resize()[Ljava/util/HashMap$Node; @ 206

Classes redefined (0 events):
No events

Internal exceptions (10 events):
Event: 3.810 Thread 0x000000001be36000 Exception <a 'java/lang/ClassNotFoundException': org/gradle/api/internal/project/ant/BasicAntBuilderBeanInfo> (0x00000000e31e0228) thrown at [D:\src\AOSP-openjdk-cygwin\jdk8u\hotspot\src\share\vm\classfile\systemDictionary.cpp, line 210]
Event: 3.811 Thread 0x000000001be36000 Exception <a 'java/lang/ClassNotFoundException': org/gradle/api/AntBuilderBeanInfo> (0x00000000e32007a0) thrown at [D:\src\AOSP-openjdk-cygwin\jdk8u\hotspot\src\share\vm\classfile\systemDictionary.cpp, line 210]
Event: 3.811 Thread 0x000000001be36000 Exception <a 'java/lang/ClassNotFoundException': groovy/util/AntBuilderBeanInfo> (0x00000000e321f7f8) thrown at [D:\src\AOSP-openjdk-cygwin\jdk8u\hotspot\src\share\vm\classfile\systemDictionary.cpp, line 210]
Event: 3.812 Thread 0x000000001be36000 Exception <a 'java/lang/ClassNotFoundException': groovy/util/BuilderSupportBeanInfo> (0x00000000e323fd48) thrown at [D:\src\AOSP-openjdk-cygwin\jdk8u\hotspot\src\share\vm\classfile\systemDictionary.cpp, line 210]
Event: 3.812 Thread 0x000000001be36000 Exception <a 'java/lang/ClassNotFoundException': groovy/util/BuilderSupportCustomizer> (0x00000000e3262138) thrown at [D:\src\AOSP-openjdk-cygwin\jdk8u\hotspot\src\share\vm\classfile\systemDictionary.cpp, line 210]
Event: 3.813 Thread 0x000000001be36000 Exception <a 'java/lang/ClassNotFoundException': groovy/util/AntBuilderCustomizer> (0x00000000e3285340) thrown at [D:\src\AOSP-openjdk-cygwin\jdk8u\hotspot\src\share\vm\classfile\systemDictionary.cpp, line 210]
Event: 3.813 Thread 0x000000001be36000 Exception <a 'java/lang/ClassNotFoundException': org/gradle/api/AntBuilderCustomizer> (0x00000000e32ad720) thrown at [D:\src\AOSP-openjdk-cygwin\jdk8u\hotspot\src\share\vm\classfile\systemDictionary.cpp, line 210]
Event: 3.814 Thread 0x000000001be36000 Exception <a 'java/lang/ClassNotFoundException': org/gradle/api/internal/project/ant/BasicAntBuilderCustomizer> (0x00000000e32e9a90) thrown at [D:\src\AOSP-openjdk-cygwin\jdk8u\hotspot\src\share\vm\classfile\systemDictionary.cpp, line 210]
Event: 3.815 Thread 0x000000001be36000 Exception <a 'java/lang/ClassNotFoundException': org/gradle/api/internal/project/DefaultAntBuilderCustomizer> (0x00000000e332c978) thrown at [D:\src\AOSP-openjdk-cygwin\jdk8u\hotspot\src\share\vm\classfile\systemDictionary.cpp, line 210]
Event: 4.096 Thread 0x000000001be36000 Implicit null exception at 0x0000000006004400 to 0x00000000060044c3

Events (10 events):
Event: 4.266 Thread 0x000000001be36000 DEOPT UNPACKING pc=0x000000000545556a sp=0x000000001e02a208 mode 2
Event: 4.287 Thread 0x000000001be36000 Uncommon trap: trap_request=0xffffff65 fr.pc=0x0000000005cfab38
Event: 4.287 Thread 0x000000001be36000 DEOPT PACKING pc=0x0000000005cfab38 sp=0x000000001e02a250
Event: 4.287 Thread 0x000000001be36000 DEOPT UNPACKING pc=0x000000000545556a sp=0x000000001e02a150 mode 2
Event: 4.287 Thread 0x000000001be36000 Uncommon trap: trap_request=0xffffff65 fr.pc=0x0000000005ccd1e8
Event: 4.287 Thread 0x000000001be36000 DEOPT PACKING pc=0x0000000005ccd1e8 sp=0x000000001e02a1b0
Event: 4.287 Thread 0x000000001be36000 DEOPT UNPACKING pc=0x000000000545556a sp=0x000000001e02a148 mode 2
Event: 4.287 Thread 0x000000001be36000 Uncommon trap: trap_request=0xffffff65 fr.pc=0x000000000569ad78
Event: 4.287 Thread 0x000000001be36000 DEOPT PACKING pc=0x000000000569ad78 sp=0x000000001e02a120
Event: 4.287 Thread 0x000000001be36000 DEOPT UNPACKING pc=0x000000000545556a sp=0x000000001e02a090 mode 2


Dynamic libraries:
0x00007ff63ddc0000 - 0x00007ff63ddf1000 	C:\Program Files\Android\Android Studio\jre\bin\java.exe
0x00007ff8b2d90000 - 0x00007ff8b2f70000 	C:\WINDOWS\SYSTEM32\ntdll.dll
0x00007ff8b26c0000 - 0x00007ff8b276e000 	C:\WINDOWS\System32\KERNEL32.DLL
0x00007ff8af400000 - 0x00007ff8af666000 	C:\WINDOWS\System32\KERNELBASE.dll
0x00007ff8b23c0000 - 0x00007ff8b2461000 	C:\WINDOWS\System32\ADVAPI32.dll
0x00007ff8b0300000 - 0x00007ff8b039d000 	C:\WINDOWS\System32\msvcrt.dll
0x00007ff8b2470000 - 0x00007ff8b24cb000 	C:\WINDOWS\System32\sechost.dll
0x00007ff8b25a0000 - 0x00007ff8b26bf000 	C:\WINDOWS\System32\RPCRT4.dll
0x00007ff8b2230000 - 0x00007ff8b23bf000 	C:\WINDOWS\System32\USER32.dll
0x00007ff8b0070000 - 0x00007ff8b0090000 	C:\WINDOWS\System32\win32u.dll
0x00007ff8b2cb0000 - 0x00007ff8b2cd8000 	C:\WINDOWS\System32\GDI32.dll
0x00007ff8af260000 - 0x00007ff8af3f3000 	C:\WINDOWS\System32\gdi32full.dll
0x00007ff8af770000 - 0x00007ff8af80b000 	C:\WINDOWS\System32\msvcp_win.dll
0x00007ff8af670000 - 0x00007ff8af766000 	C:\WINDOWS\System32\ucrtbase.dll
0x00007ff8a6390000 - 0x00007ff8a65f9000 	C:\WINDOWS\WinSxS\amd64_microsoft.windows.common-controls_6595b64144ccf1df_6.0.16299.248_none_15ced204935f55d7\COMCTL32.dll
0x00007ff8b1a40000 - 0x00007ff8b1d48000 	C:\WINDOWS\System32\combase.dll
0x00007ff8af190000 - 0x00007ff8af202000 	C:\WINDOWS\System32\bcryptPrimitives.dll
0x00007ff8b02d0000 - 0x00007ff8b02fd000 	C:\WINDOWS\System32\IMM32.DLL
0x000000006d5a0000 - 0x000000006d672000 	C:\Program Files\Android\Android Studio\jre\jre\bin\msvcr100.dll
0x000000006cc00000 - 0x000000006d43e000 	C:\Program Files\Android\Android Studio\jre\jre\bin\server\jvm.dll
0x00007ff8b24d0000 - 0x00007ff8b24d8000 	C:\WINDOWS\System32\PSAPI.DLL
0x00007ff89e590000 - 0x00007ff89e599000 	C:\WINDOWS\SYSTEM32\WSOCK32.dll
0x00007ff8b2050000 - 0x00007ff8b20bc000 	C:\WINDOWS\System32\WS2_32.dll
0x00007ff8acfa0000 - 0x00007ff8acfc3000 	C:\WINDOWS\SYSTEM32\WINMM.dll
0x00007ff8aa370000 - 0x00007ff8aa37a000 	C:\WINDOWS\SYSTEM32\VERSION.dll
0x00007ff8acf70000 - 0x00007ff8acf9a000 	C:\WINDOWS\SYSTEM32\WINMMBASE.dll
0x00007ff8af210000 - 0x00007ff8af25a000 	C:\WINDOWS\System32\cfgmgr32.dll
0x00007ff8acb00000 - 0x00007ff8acb0f000 	C:\Program Files\Android\Android Studio\jre\jre\bin\verify.dll
0x00007ff894190000 - 0x00007ff8941b9000 	C:\Program Files\Android\Android Studio\jre\jre\bin\java.dll
0x00007ff89c820000 - 0x00007ff89c836000 	C:\Program Files\Android\Android Studio\jre\jre\bin\zip.dll
0x00007ff8b0460000 - 0x00007ff8b1896000 	C:\WINDOWS\System32\SHELL32.dll
0x00007ff8b24f0000 - 0x00007ff8b2596000 	C:\WINDOWS\System32\shcore.dll
0x00007ff8af810000 - 0x00007ff8aff57000 	C:\WINDOWS\System32\windows.storage.dll
0x00007ff8b0260000 - 0x00007ff8b02b1000 	C:\WINDOWS\System32\shlwapi.dll
0x00007ff8af100000 - 0x00007ff8af111000 	C:\WINDOWS\System32\kernel.appcore.dll
0x00007ff8af120000 - 0x00007ff8af16c000 	C:\WINDOWS\System32\powrprof.dll
0x00007ff8af170000 - 0x00007ff8af18b000 	C:\WINDOWS\System32\profapi.dll
0x00007ff89a4e0000 - 0x00007ff89a4fa000 	C:\Program Files\Android\Android Studio\jre\jre\bin\net.dll
0x00007ff8ae970000 - 0x00007ff8ae9d6000 	C:\WINDOWS\system32\mswsock.dll
0x00007ff897750000 - 0x00007ff897761000 	C:\Program Files\Android\Android Studio\jre\jre\bin\nio.dll
0x00007ff8a2dd0000 - 0x00007ff8a2dee000 	C:\Users\koolguy\.gradle\native\25\windows-amd64\native-platform.dll
0x00007ff8acac0000 - 0x00007ff8acacd000 	C:\Program Files\Android\Android Studio\jre\jre\bin\management.dll
0x00007ff8aeb30000 - 0x00007ff8aeb47000 	C:\WINDOWS\SYSTEM32\CRYPTSP.dll
0x00007ff8ae580000 - 0x00007ff8ae5b3000 	C:\WINDOWS\system32\rsaenh.dll
0x00007ff8aec40000 - 0x00007ff8aec65000 	C:\WINDOWS\SYSTEM32\bcrypt.dll
0x00007ff8af010000 - 0x00007ff8af039000 	C:\WINDOWS\SYSTEM32\USERENV.dll
0x00007ff8aeb50000 - 0x00007ff8aeb5b000 	C:\WINDOWS\SYSTEM32\CRYPTBASE.dll
0x00007ff8ae700000 - 0x00007ff8ae739000 	C:\WINDOWS\SYSTEM32\IPHLPAPI.DLL
0x00007ff8b02c0000 - 0x00007ff8b02c8000 	C:\WINDOWS\System32\NSI.dll
0x00007ff8a57f0000 - 0x00007ff8a5806000 	C:\WINDOWS\SYSTEM32\dhcpcsvc6.DLL
0x00007ff8a5950000 - 0x00007ff8a596a000 	C:\WINDOWS\SYSTEM32\dhcpcsvc.DLL

VM Arguments:
jvm_args: -Xmx1536m -Dfile.encoding=windows-1251 -Duser.country=RU -Duser.language=ru -Duser.variant 
java_command: org.gradle.launcher.daemon.bootstrap.GradleDaemon 4.1
java_class_path (initial): C:\Users\koolguy\.gradle\wrapper\dists\gradle-4.1-all\bzyivzo6n839fup2jbap0tjew\gradle-4.1\lib\gradle-launcher-4.1.jar
Launcher Type: SUN_STANDARD

Environment Variables:
PATH=C:\ProgramData\Oracle\Java\javapath;C:\Program Files (x86)\Intel\iCLS Client\;C:\Program Files\Intel\iCLS Client\;C:\WINDOWS\system32;C:\WINDOWS;C:\WINDOWS\System32\Wbem;C:\WINDOWS\System32\WindowsPowerShell\v1.0\;C:\Program Files (x86)\Intel\OpenCL SDK\2.0\bin\x86;C:\Program Files (x86)\Intel\OpenCL SDK\2.0\bin\x64;C:\Program Files\Microsoft SQL Server\110\Tools\Binn\;C:\Program Files\Microsoft SQL Server\120\Tools\Binn\;C:\Users\Данил\.dnx\bin;C:\Program Files\Microsoft DNX\Dnvm\;C:\Program Files (x86)\Windows Kits\10\Windows Performance Toolkit\;C:\Program Files (x86)\Skype\Phone\;c:\program files (x86)\steam\steamapps\common\d3dgear;C:\Program Files (x86)\NVIDIA Corporation\PhysX\Common;C:\Program Files (x86)\Intel\Intel(R) Management Engine Components\DAL;C:\Program Files\Intel\Intel(R) Management Engine Components\DAL;C:\Program Files (x86)\Intel\Intel(R) Management Engine Components\IPT;C:\Program Files\Intel\Intel(R) Management Engine Components\IPT;C:\WINDOWS\system32;C:\WINDOWS;C:\WINDOWS\System32\Wbem;C:\WINDOWS\System32\WindowsPowerShell\v1.0\;C:\Program Files (x86)\GtkSharp\2.12\bin;C:\Program Files (x86)\Brackets\command;C:\Users\koolguy\AppData\Local\Microsoft\WindowsApps;C:\Users\koolguy\AppData\Local\GitHubDesktop\bin
USERNAME=koolguy
OS=Windows_NT
PROCESSOR_IDENTIFIER=Intel64 Family 6 Model 94 Stepping 3, GenuineIntel



---------------  S Y S T E M  ---------------

OS: Windows 10.0 , 64 bit Build 16299 (10.0.16299.15)

CPU:total 4 (initial active 4) (4 cores per cpu, 1 threads per core) family 6 model 94 stepping 3, cmov, cx8, fxsr, mmx, sse, sse2, sse3, ssse3, sse4.1, sse4.2, popcnt, avx, avx2, aes, clmul, erms, rtm, 3dnowpref, lzcnt, tsc, tscinvbit, bmi1, bmi2, adx

Memory: 4k page, physical 16698584k(3665236k free), swap 16698584k(3520k free)

vm_info: OpenJDK 64-Bit Server VM (25.152-b01) for windows-amd64 JRE (1.8.0_152-release-915-b01), built by "builder" with MS VC++ 10.0 (VS2010)

time: Tue Feb 27 22:46:54 2018
elapsed time: 4 seconds (0d 0h 0m 4s)

